<?xml version="1.0" encoding="UTF-8"?>
<!-- Generated by org.testng.reporters.JUnitReportReporter -->
<testsuite hostname="DESKTOP-FUUP9R2" failures="0" tests="1" name="com.sdet2practise.cmdlineparameterTest" time="22.124" errors="0" timestamp="2021-12-10T12:40:57 IST" skipped="0">
  <testcase classname="com.sdet2practise.cmdlineparameterTest" name="cmdlineparameter" time="22.124"/>
  <system-out/>
</testsuite> <!-- com.sdet2practise.cmdlineparameterTest -->
