<?xml version="1.0" encoding="UTF-8"?>
<!-- Generated by org.testng.reporters.JUnitReportReporter -->
<testsuite hostname="DESKTOP-FUUP9R2" failures="0" tests="1" name="jdbc_practise.ExecuteUpdateTest" time="0.171" errors="0" timestamp="2021-12-07T14:38:01 IST" skipped="0">
  <testcase classname="jdbc_practise.ExecuteUpdateTest" name="executeUpdate" time="0.171"/>
  <system-out/>
</testsuite> <!-- jdbc_practise.ExecuteUpdateTest -->
