<?xml version="1.0" encoding="UTF-8"?>
<!-- Generated by org.testng.reporters.JUnitReportReporter -->
<testsuite hostname="DESKTOP-FUUP9R2" failures="0" tests="4" name="com.sdet2practise.DataProviderTest" time="0.015" errors="0" timestamp="2021-12-10T10:24:15 IST" skipped="0">
  <testcase classname="com.sdet2practise.DataProviderTest" name="print" time="0.006"/>
  <system-out/>
  <testcase classname="com.sdet2practise.DataProviderTest" name="print" time="0.001"/>
  <system-out/>
  <testcase classname="com.sdet2practise.DataProviderTest" name="print" time="0.006"/>
  <system-out/>
  <testcase classname="com.sdet2practise.DataProviderTest" name="print" time="0.002"/>
  <system-out/>
</testsuite> <!-- com.sdet2practise.DataProviderTest -->
