<?xml version="1.0" encoding="UTF-8"?>
<!-- Generated by org.testng.reporters.JUnitReportReporter -->
<testsuite hostname="DESKTOP-FUUP9R2" failures="0" tests="1" name="com.Vtiger.TC.POMTC_002_CreateOrganizationDropdownTest" time="24.985" errors="0" timestamp="2021-12-16T11:06:56 IST" skipped="0">
  <testcase classname="com.Vtiger.TC.POMTC_002_CreateOrganizationDropdownTest" name="createorgwithdd" time="24.985"/>
  <system-out/>
</testsuite> <!-- com.Vtiger.TC.POMTC_002_CreateOrganizationDropdownTest -->
