<?xml version="1.0" encoding="UTF-8"?>
<!-- Generated by org.testng.reporters.JUnitReportReporter -->
<testsuite hostname="DESKTOP-FUUP9R2" failures="0" tests="1" name="com.Vtiger.TC.POMTC_003_CreateContactWithOrganisationTest" time="29.097" errors="0" timestamp="2021-12-16T11:08:49 IST" skipped="0">
  <testcase classname="com.Vtiger.TC.POMTC_003_CreateContactWithOrganisationTest" name="createcontact" time="29.097"/>
  <system-out/>
</testsuite> <!-- com.Vtiger.TC.POMTC_003_CreateContactWithOrganisationTest -->
