<?xml version="1.0" encoding="UTF-8"?>
<!-- Generated by org.testng.reporters.JUnitReportReporter -->
<testsuite hostname="DESKTOP-FUUP9R2" failures="0" tests="1" name="jdbc_practise.ExecuteQueryTest" time="0.298" errors="0" timestamp="2021-12-10T19:16:01 IST" skipped="0">
  <testcase classname="jdbc_practise.ExecuteQueryTest" name="executeQuery" time="0.298"/>
  <system-out/>
</testsuite> <!-- jdbc_practise.ExecuteQueryTest -->
