<?xml version="1.0" encoding="UTF-8"?>
<!-- Generated by org.testng.reporters.JUnitReportReporter -->
<testsuite hostname="DESKTOP-FUUP9R2" failures="0" tests="2" name="com.Vtiger.TC.POMTC_003_CreateContactWithOrganisationTest" time="59.540" errors="0" timestamp="2021-12-09T12:03:45 IST" skipped="0">
  <testcase classname="com.Vtiger.TC.POMTC_003_CreateContactWithOrganisationTest" name="createcontactwithOrg" time="27.769"/>
  <system-out/>
  <testcase classname="com.Vtiger.TC.POMTC_003_CreateContactWithOrganisationTest" name="createcontact" time="31.771"/>
  <system-out/>
</testsuite> <!-- com.Vtiger.TC.POMTC_003_CreateContactWithOrganisationTest -->
